After Rounding: 

Optimal Profit 11777402.498427

 Objective Function Values: 
	SH001: 0.000000
	SH002: 455.000000
	SH003: 0.000000
	SH004: 0.000000
	SH005: 50.000000
	SH006: 0.000000
	SH007: 0.000000
	SH008: 0.000000
	SH009: 19.000000
	SH010: 0.000000
	SH011: 437.000000
	SH012: 258.000000
	SH013: 431.000000
	SH014: 0.000000
	SH015: 0.000000
	SH016: 0.000000
	SH017: 0.000000
	SH018: 246.000000
	SH019: 209.000000
	SH020: 0.000000
	SH021: 0.000000
	SH022: 0.000000
	SH023: 0.000000
	SH024: 408.000000
	SH025: 405.000000
	SH026: 0.000000
	SH027: 424.000000
	SH028: 0.000000
	SH029: 393.000000
	SH030: 0.000000
	SH031: 332.000000
	SH032: 498.000000
	SH033: 0.000000
	SH034: 370.000000
	SH035: 0.000000
	SH036: 0.000000
	SH037: 0.000000
	SH038: 483.000000
	SH039: 392.000000
	SH040: 426.000000
	SH041: 310.000000
	SH042: 215.000000
	SH043: 0.000000
	SH044: 446.000000
	SH045: 384.000000
	SH046: 0.000000
	SH047: 409.000000
	SH048: 266.000000
	SH049: 0.000000
	SH050: 431.000000
	SH051: 0.000000
	SH052: 0.000000
	SH053: 0.000000
	SH054: 0.000000
	SH055: 0.000000
	SH056: 0.000000
	SH057: 188.000000
	SH058: 430.000000
	SH059: 0.000000
	SH060: 201.000000
	SH061: 156.000000
	SH062: 463.000000
	SH063: 441.000000
	SH064: 19.000000
	SH065: 375.000000
	SH066: 0.000000
	SH067: 0.000000
	SH068: 1.000000
	SH069: 0.000000
	SH070: 0.000000
	SH071: 409.000000
	SH072: 30.000000
	SH073: 354.000000
	SH074: 0.000000
	SH075: 0.000000
	SH076: 34.000000
	SH077: 169.000000
	SH078: 400.000000
	SH079: 221.000000
	SH080: 414.000000
	SH081: 157.000000
	SH082: 295.000000
	SH083: 0.000000
	SH084: 0.000000
	SH085: 0.000000
	SH086: 0.000000
	SH087: 434.000000
	SH088: 426.000000
	SH089: 0.000000
	SH090: 465.000000
	SH091: 0.000000
	SH092: 47.000000
	SH093: 313.000000
	SH094: 303.000000
	SH095: 435.000000
	SH096: 466.000000
	SH097: 0.000000
	SH098: 0.000000
	SH099: 0.000000
	SH100: 0.000000
	SH101: 0.000000
	SH102: 0.000000
	SH103: 0.000000
	SH104: 0.000000
	SH105: 419.000000
	SH106: 229.000000
	SH107: 48.000000
	SH108: 0.000000
	SH109: 0.000000
	SH110: 415.000000
	SH111: 0.000000
	SH112: 0.000000
	SH113: 467.000000
	SH114: 0.000000
	SH115: 0.000000
	SH116: 203.000000
	SH117: 44.000000
	SH118: 297.000000
	SH119: 10.000000
	SH120: 0.000000
	SH121: 504.000000
	SH122: 0.000000
	SH123: 0.000000
	SH124: 0.000000
	SH125: 0.000000
	SH126: 72.000000
	SH127: 395.000000
	SH128: 0.000000
	SH129: 0.000000
	SH130: 109.000000
	SH131: 0.000000
	SH132: 0.000000
	SH133: 118.000000
	SH134: 486.000000
	SH135: 0.000000
	SH136: 0.000000
	SH137: 0.000000
	SH138: 0.000000
	SH139: 0.000000
	SH140: 0.000000
	SH141: 0.000000
	SH142: 419.000000
	SH143: 0.000000
	SH144: 456.000000
	SH145: 0.000000
	SH146: 511.000000
	SH147: 62.000000
	SH148: 0.000000
	SH149: 67.000000
	SH150: 445.000000
	SH151: 0.000000
	SH152: 0.000000
	SH153: 131.000000
	SH154: 447.000000
	SH155: 0.000000
	SH156: 0.000000
	SH157: 0.000000
	SH158: 0.000000
	SH159: 0.000000
	SH160: 14.000000
	SH161: 0.000000
	SH162: 0.000000
	SH163: 0.000000
	SH164: 0.000000
	SH165: 467.000000
	SH166: 0.000000
	SH167: 0.000000
	SH168: 402.000000
	SH169: 0.000000
	SH170: 0.000000
	SH171: 0.000000
	SH172: 43.000000
	SH173: 308.000000
	SH174: 0.000000
	SH175: 0.000000
	SH176: 455.000000
	SH177: 0.000000
	SH178: 138.000000
	SH179: 132.000000
	SH180: 0.000000
	SH181: 0.000000
	SH182: 0.000000
	SH183: 0.000000
	SH184: 86.000000
	SH185: 402.000000
	SH186: 20.000000
	SH187: 120.000000
	SH188: 201.000000
	SH189: 0.000000
	SH190: 0.000000
	SH191: 78.000000
	SH192: 0.000000
	SH193: 0.000000
	SH194: 266.000000
	SH195: 233.000000
	SH196: 0.000000
	SH197: 442.000000
	SH198: 0.000000
	SH199: 0.000000
	SH200: 0.000000
	SH201: 473.000000
	SH202: 0.000000
	SH203: 518.000000
	SH204: 0.000000
	SH205: 130.000000
	SH206: 0.000000
	SH207: 4.000000
	SH208: 0.000000
	SH209: 431.000000
	SH210: 0.000000
	SH211: 0.000000
	SH212: 0.000000
	SH213: 441.000000
	SH214: 0.000000
	SH215: 0.000000
	SH216: 0.000000
	SH217: 195.000000
	SH218: 0.000000
	SH219: 0.000000
	SH220: 0.000000
	SH221: 469.000000
	SH222: 0.000000
	SH223: 408.000000
	SH224: 444.000000
	SH225: 444.000000
	SH226: 423.000000
	SH227: 285.000000
	SH228: 0.000000
	SH229: 0.000000
	SH230: 49.000000
	SH231: 0.000000
	SH232: 440.000000
	SH233: 446.000000
	SH234: 412.000000
	SH235: 458.000000
	SH236: 480.000000
	SH237: 0.000000
	SH238: 366.000000
	SH239: 91.000000
	SH240: 187.000000
	SH241: 376.000000
	SH242: 0.000000
	SH243: 0.000000
	SH244: 235.000000
	SH245: 0.000000
	SH246: 0.000000
	SH247: 424.000000
	SH248: 15.000000
	SH249: 415.000000
	SH250: 0.000000
	SH251: 0.000000
	SH252: 0.000000
	SH253: 377.000000
	SH254: 483.000000
	SH255: 148.000000
	SH256: 435.000000
	SH257: 0.000000
	SH258: 0.000000
	SH259: 0.000000
	SH260: 0.000000
	SH261: 419.000000
	SH262: 394.000000
	SH263: 0.000000
	SH264: 0.000000
	SH265: 413.000000
	SH266: 0.000000
	SH267: 0.000000
	SH268: 0.000000
	SH269: 435.000000
	SH270: 52.000000
	SH271: 0.000000
	SH272: 0.000000
	SH273: 305.000000
	SH274: 82.000000
	SH275: 0.000000
	SH276: 233.000000
	SH277: 414.000000
	SH278: 0.000000
	SH279: 0.000000
	SH280: 0.000000
	SH281: 341.000000
	SH282: 422.000000
	SH283: 0.000000
	SH284: 460.000000
	SH285: 0.000000
	SH286: 444.000000
	SH287: 416.000000
	SH288: 169.000000
	SH289: 419.000000
	SH290: 104.000000
	SH291: 0.000000
	SH292: 145.000000
	SH293: 0.000000
	SH294: 0.000000
	SH295: 410.000000
	SH296: 0.000000
	SH297: 0.000000
	SH298: 102.000000
	SH299: 421.000000
	SH300: 415.000000
	SH301: 0.000000
	SH302: 0.000000
	SH303: 0.000000
	SH304: 0.000000
	SH305: 0.000000
	SH306: 0.000000
	SH307: 102.000000
	SH308: 270.000000
	SH309: 0.000000
	SH310: 0.000000
	SH311: 0.000000
	SH312: 459.000000
	SH313: 482.000000
	SH314: 397.000000
	SH315: 0.000000
	SH316: 179.000000
	SH317: 379.000000
	SH318: 0.000000
	SH319: 0.000000
	SH320: 446.000000
	SH321: 0.000000
	SH322: 319.000000
	SH323: 0.000000
	SH324: 0.000000
	SH325: 474.000000
	SH326: 5.000000
	SH327: 0.000000
	SH328: 276.000000
	SH329: 403.000000
	SH330: 0.000000
	SH331: 0.000000
	SH332: 0.000000
	SH333: 0.000000
	SH334: 392.000000
	SH335: 0.000000
	SH336: 0.000000
	SH337: 0.000000
	SH338: 40.000000
	SH339: 0.000000
	SH340: 449.000000
	SH341: 430.000000
	SH342: 313.000000
	SH343: 45.000000
	SH344: 0.000000
	SH345: 336.000000
	SH346: 0.000000
	SH347: 175.000000
	SH348: 491.000000
	SH349: 9.000000
	SH350: 0.000000
	SH351: 0.000000
	SH352: 394.000000
	SH353: 0.000000
	SH354: 0.000000
	SH355: 0.000000
	SH356: 180.000000
	SH357: 0.000000
	SH358: 0.000000
	SH359: 13.000000
	SH360: 0.000000
	SH361: 426.000000
	SH362: 433.000000
	SH363: 0.000000
	SH364: 0.000000
	SH365: 304.000000
	SH366: 177.000000
	SH367: 452.000000
	SH368: 0.000000
	SH369: 378.000000
	SH370: 0.000000
	SH371: 0.000000
	SH372: 229.000000
	SH373: 400.000000
	SH374: 0.000000
	SH375: 0.000000
	SH376: 47.000000
	SH377: 143.000000
	SH378: 418.000000
	SH379: 227.000000
	SH380: 0.000000
	SH381: 25.000000
	SH382: 0.000000
	SH383: 0.000000
	SH384: 492.000000
	SH385: 0.000000
	SH386: 0.000000
	SH387: 0.000000
	SH388: 0.000000
	SH389: 0.000000
	SH390: 0.000000
	SH391: 140.000000
	SH392: 0.000000
	SH393: 0.000000
	SH394: 0.000000
	SH395: 379.000000
	SH396: 0.000000
	SH397: 0.000000
	SH398: 0.000000
	SH399: 436.000000
	SH400: 19.000000
	SH401: 0.000000
	SH402: 0.000000
	SH403: 0.000000
	SH404: 0.000000
	SH405: 0.000000
	SH406: 0.000000
	SH407: 449.000000
	SH408: 0.000000
	SH409: 0.000000
	SH410: 232.000000
	SH411: 410.000000
	SH412: 109.000000
	SH413: 0.000000
	SH414: 0.000000
	SH415: 434.000000
	SH416: 0.000000
	SH417: 486.000000
	SH418: 346.000000
	SH419: 308.000000
	SH420: 78.000000
	SH421: 408.000000
	SH422: 0.000000
	SH423: 395.000000
	SH424: 0.000000
	SH425: 461.000000
	SH426: 0.000000
	SH427: 477.000000
	SH428: 0.000000
	SH429: 23.000000
	SH430: 442.000000
	SH431: 0.000000
	SH432: 0.000000
	SH433: 0.000000
	SH434: 0.000000
	SH435: 309.000000
	SH436: 0.000000
	SH437: 0.000000
	SH438: 76.000000
	SH439: 0.000000
	SH440: 0.000000
	SH441: 0.000000
	SH442: 0.000000
	SH443: 0.000000
	SH444: 213.000000
	SH445: 464.000000
	SH446: 0.000000
	SH447: 477.000000
	SH448: 0.000000
	SH449: 184.000000
	SH450: 0.000000
	SH451: 457.000000
	SH452: 0.000000
	SH453: 471.000000
	SH454: 0.000000
	SH455: 0.000000
	SH456: 445.000000
	SH457: 269.000000
	SH458: 153.000000
	SH459: 249.000000
	SH460: 0.000000
	SH461: 0.000000
	SH462: 115.000000
	SH463: 0.000000
	SH464: 407.000000
	SH465: 248.000000
	SH466: 436.000000
	SH467: 178.000000
	SH468: 153.000000
	SH469: 0.000000
	SH470: 388.000000
	SH471: 401.000000
	SH472: 274.000000
	SH473: 267.000000
	SH474: 263.000000
	SH475: 0.000000
	SH476: 447.000000
	SH477: 412.000000
	SH478: 351.000000
	SH479: 494.000000
	SH480: 0.000000
	SH481: 0.000000
	SH482: 128.000000
	SH483: 430.000000
	SH484: 0.000000
	SH485: 0.000000
	SH486: 0.000000
	SH487: 88.000000
	SH488: 0.000000
	SH489: 433.000000
	SH490: 532.000000
	SH491: 179.000000
	SH492: 59.000000
	SH493: 0.000000
	SH494: 61.000000
	SH495: 172.000000
	SH496: 0.000000
	SH497: 440.000000
	SH498: 271.000000
	SH499: 92.000000
	SH500: 420.000000
	SH501: 415.000000
	SH502: 0.000000
	SH503: 0.000000
	SH504: 0.000000
	SH505: 0.000000
	SH506: 0.000000
	SH507: 88.000000
	SH508: 433.000000
	SH509: 0.000000
	SH510: 0.000000
	SH511: 407.000000
	SH512: 14.000000
	SH513: 339.000000
	SH514: 390.000000
	SH515: 0.000000
	SH516: 442.000000
	SH517: 0.000000
	SH518: 0.000000
	SH519: 0.000000
	SH520: 82.000000
	SH521: 249.000000
	SH522: 33.000000
	SH523: 152.000000
	SH524: 92.000000
	SH525: 99.000000
	SH526: 11.000000
	SH527: 305.000000
	SH528: 0.000000
	SH529: 0.000000
	SH530: 0.000000
	SH531: 0.000000
	SH532: 467.000000
	SH533: 0.000000
	SH534: 399.000000
	SH535: 431.000000
	SH536: 16.000000
	SH537: 265.000000
	SH538: 0.000000
	SH539: 0.000000
	SH540: 135.000000
	SH541: 0.000000
	SH542: 0.000000
	SH543: 313.000000
	SH544: 0.000000
	SH545: 0.000000
	SH546: 272.000000
	SH547: 0.000000
	SH548: 0.000000
	SH549: 62.000000
	SH550: 0.000000
	SH551: 0.000000
	SH552: 196.000000
	SH553: 0.000000
	SH554: 0.000000
	SH555: 0.000000
	SH556: 431.000000
	SH557: 471.000000

Violated Constraints
Demand:
	SH002 demand is violated.
	SH013 demand is violated.
	SH025 demand is violated.
	SH032 demand is violated.
	SH034 demand is violated.
	SH038 demand is violated.
	SH058 demand is violated.
	SH062 demand is violated.
	SH087 demand is violated.
	SH088 demand is violated.
	SH110 demand is violated.
	SH134 demand is violated.
	SH146 demand is violated.
	SH165 demand is violated.
	SH221 demand is violated.
	SH226 demand is violated.
	SH234 demand is violated.
	SH247 demand is violated.
	SH254 demand is violated.
	SH256 demand is violated.
	SH277 demand is violated.
	SH282 demand is violated.
	SH295 demand is violated.
	SH300 demand is violated.
	SH313 demand is violated.
	SH329 demand is violated.
	SH348 demand is violated.
	SH361 demand is violated.
	SH362 demand is violated.
	SH378 demand is violated.
	SH407 demand is violated.
	SH421 demand is violated.
	SH425 demand is violated.
	SH427 demand is violated.
	SH451 demand is violated.
	SH453 demand is violated.
	SH456 demand is violated.
	SH466 demand is violated.
	SH501 demand is violated.
	SH516 demand is violated.
	SH532 demand is violated.
Raw Materials Quantity
Raw material 1 quantity is violated.
Raw material 12 quantity is violated.
Raw material 13 quantity is violated.
Raw material 24 quantity is violated.
Raw material 41 quantity is violated.
Raw material 47 quantity is violated.
Raw material 51 quantity is violated.
Raw material 53 quantity is violated.
Raw material 56 quantity is violated.
Raw material 64 quantity is violated.
Raw material 69 quantity is violated.
Raw material 77 quantity is violated.
Raw material 80 quantity is violated.
Raw material 93 quantity is violated.
Raw material 96 quantity is violated.
Raw material 101 quantity is violated.
Raw material 107 quantity is violated.
Raw material 110 quantity is violated.
Raw material 113 quantity is violated.
Raw material 125 quantity is violated.
Raw material 126 quantity is violated.
Raw material 132 quantity is violated.
Raw material 138 quantity is violated.
Raw material 141 quantity is violated.
Raw material 144 quantity is violated.
Raw material 148 quantity is violated.
Raw material 149 quantity is violated.
Raw Materials Budget: 
Machine Hours: 
Warehouse Cap: