profit = 11780300

x [*] :=
SH001   0         SH141   0         SH281 340.912     SH421 407.639
SH002 454.796     SH142 419.003     SH282 421.617     SH422   0
SH003   0         SH143   0         SH283   0         SH423 395.491
SH004   0         SH144 456.059     SH284 459.603     SH424   0
SH005  49.7503    SH145   0         SH285   0         SH425 460.658
SH006   0         SH146 510.957     SH286 444.177     SH426   0
SH007   0         SH147  62.3469    SH287 416.299     SH427 476.837
SH008   0         SH148   0         SH288 168.569     SH428   0
SH009  18.6671    SH149  66.9944    SH289 418.621     SH429  23.4491
SH010   0         SH150 445.25      SH290 103.846     SH430 442.219
SH011 437.194     SH151   0         SH291   0         SH431   0
SH012 258.017     SH152   0         SH292 144.909     SH432   0
SH013 430.578     SH153 130.535     SH293   0         SH433   0
SH014   0         SH154 447.103     SH294   0         SH434   0
SH015   0         SH155   0         SH295 409.922     SH435 309.427
SH016   0         SH156   0         SH296   0         SH436   0
SH017   0         SH157   0         SH297   0         SH437   0
SH018 245.655     SH158   0         SH298 101.947     SH438  76.4859
SH019 209.461     SH159   0         SH299 420.862     SH439   0
SH020   0         SH160  14.2325    SH300 414.518     SH440   0
SH021   0         SH161   0         SH301   0         SH441   0
SH022   0         SH162   0         SH302   0         SH442   0
SH023   0         SH163   0         SH303   0         SH443   0
SH024 408.239     SH164   0         SH304   0         SH444 212.567
SH025 404.923     SH165 466.951     SH305   0         SH445 464.492
SH026   0         SH166   0         SH306   0         SH446   0
SH027 424.478     SH167   0         SH307 101.832     SH447 477.161
SH028   0         SH168 402.148     SH308 270.131     SH448   0
SH029 393.107     SH169   0         SH309   0         SH449 184.178
SH030   0         SH170   0         SH310   0         SH450   0
SH031 332.214     SH171   0         SH311   0         SH451 456.864
SH032 497.621     SH172  42.8168    SH312 459.462     SH452   0
SH033   0         SH173 308.237     SH313 481.826     SH453 470.859
SH034 369.86      SH174   0         SH314 397.473     SH454   0
SH035   0         SH175   0         SH315   0         SH455   0
SH036   0         SH176 455.319     SH316 179.348     SH456 444.873
SH037   0         SH177   0         SH317 379.421     SH457 269.403
SH038 482.679     SH178 138.386     SH318   0         SH458 152.933
SH039 392.402     SH179 132.36      SH319   0         SH459 248.899
SH040 426.065     SH180   0         SH320 446.182     SH460   0
SH041 310.419     SH181   0         SH321   0         SH461   0
SH042 214.729     SH182   0         SH322 319.374     SH462 114.61
SH043   0         SH183   0         SH323   0         SH463   0
SH044 446.129     SH184  86.3532    SH324   0         SH464 406.865
SH045 383.522     SH185 402.254     SH325 474.202     SH465 248.352
SH046   0         SH186  19.9212    SH326   5.27419   SH466 435.887
SH047 409.083     SH187 119.849     SH327   0         SH467 178.214
SH048 265.955     SH188 201.383     SH328 275.556     SH468 153.366
SH049   0         SH189   0         SH329 402.954     SH469   0
SH050 431.376     SH190   0         SH330   0         SH470 388.3
SH051   0         SH191  78.3788    SH331   0         SH471 401.376
SH052   0         SH192   0         SH332   0         SH472 274.493
SH053   0         SH193   0         SH333   0         SH473 267.284
SH054   0         SH194 265.751     SH334 392.047     SH474 263.491
SH055   0         SH195 232.855     SH335   0         SH475   0
SH056   0         SH196   0         SH336   0         SH476 447.069
SH057 188.22      SH197 442.406     SH337   0         SH477 412.207
SH058 429.531     SH198   0         SH338  40.3494    SH478 351.493
SH059   0         SH199   0         SH339   0         SH479 494.319
SH060 200.743     SH200   0         SH340 448.912     SH480   0
SH061 156.103     SH201 473.263     SH341 430.341     SH481   0
SH062 462.633     SH202   0         SH342 313.221     SH482 127.93
SH063 441.127     SH203 518.404     SH343  44.7809    SH483 430.224
SH064  19.4603    SH204   0         SH344   0         SH484   0
SH065 375.185     SH205 130.027     SH345 336.452     SH485   0
SH066   0         SH206   0         SH346   0         SH486   0
SH067   0         SH207   3.75411   SH347 174.523     SH487  88.2661
SH068   1.21628   SH208   0         SH348 490.836     SH488   0
SH069   0         SH209 431.266     SH349   8.95033   SH489 433.331
SH070   0         SH210   0         SH350   0         SH490 532.453
SH071 409.023     SH211   0         SH351   0         SH491 179.112
SH072  29.52      SH212   0         SH352 394.296     SH492  58.9693
SH073 354.359     SH213 441.048     SH353   0         SH493   0
SH074   0         SH214   0         SH354   0         SH494  60.7163
SH075   0         SH215   0         SH355   0         SH495 172.225
SH076  34.0868    SH216   0         SH356 179.546     SH496   0
SH077 168.833     SH217 195.35      SH357   0         SH497 440.19
SH078 400.048     SH218   0         SH358   0         SH498 271.207
SH079 221.121     SH219   0         SH359  13.4435    SH499  92.273
SH080 414.334     SH220   0         SH360   0         SH500 420.077
SH081 156.915     SH221 468.882     SH361 425.585     SH501 414.915
SH082 294.526     SH222   0         SH362 432.829     SH502   0
SH083   0         SH223 408.161     SH363   0         SH503   0
SH084   0         SH224 444.485     SH364   0         SH504   0
SH085   0         SH225 444.053     SH365 304.236     SH505   0
SH086   0         SH226 422.971     SH366 176.817     SH506   0
SH087 433.639     SH227 285.312     SH367 452.176     SH507  87.7536
SH088 425.566     SH228   0         SH368   0         SH508 433.21
SH089   0         SH229   0         SH369 378.402     SH509   0
SH090 465.245     SH230  49.1638    SH370   0         SH510   0
SH091   0         SH231   0         SH371   0         SH511 407.489
SH092  47.2019    SH232 440.33      SH372 229.464     SH512  14.1903
SH093 313.199     SH233 446.493     SH373 400.271     SH513 338.596
SH094 303.194     SH234 411.678     SH374   0         SH514 390.493
SH095 435.285     SH235 457.5       SH375   0         SH515   0
SH096 466.282     SH236 480.25      SH376  46.9294    SH516 441.905
SH097   0         SH237   0         SH377 143.169     SH517   0
SH098   0         SH238 366.248     SH378 417.531     SH518   0
SH099   0         SH239  90.9812    SH379 226.656     SH519   0
SH100   0         SH240 186.731     SH380   0         SH520  82.0901
SH101   0         SH241 375.905     SH381  25.2662    SH521 249.001
SH102   0         SH242   0         SH382   0         SH522  33.3536
SH103   0         SH243   0         SH383   0         SH523 151.805
SH104   0         SH244 235.187     SH384 492.27      SH524  91.985
SH105 419.457     SH245   0         SH385   0         SH525  99.2285
SH106 229.013     SH246   0         SH386   0         SH526  10.6464
SH107  47.8347    SH247 423.994     SH387   0         SH527 305.174
SH108   0         SH248  14.8122    SH388   0         SH528   0
SH109   0         SH249 415.244     SH389   0         SH529   0
SH110 414.764     SH250   0         SH390   0         SH530   0
SH111   0         SH251   0         SH391 140.466     SH531   0
SH112   0         SH252   0         SH392   0         SH532 466.856
SH113 467.007     SH253 377.379     SH393   0         SH533   0
SH114   0         SH254 482.51      SH394   0         SH534 398.658
SH115   0         SH255 147.82      SH395 378.883     SH535 431.048
SH116 202.994     SH256 434.679     SH396   0         SH536  15.567
SH117  43.8333    SH257   0         SH397   0         SH537 265.389
SH118 296.636     SH258   0         SH398   0         SH538   0
SH119  10.4961    SH259   0         SH399 436.225     SH539   0
SH120   0         SH260   0         SH400  18.9746    SH540 135.02
SH121 504.152     SH261 419.058     SH401   0         SH541   0
SH122   0         SH262 394.498     SH402   0         SH542   0
SH123   0         SH263   0         SH403   0         SH543 312.744
SH124   0         SH264   0         SH404   0         SH544   0
SH125   0         SH265 413.409     SH405   0         SH545   0
SH126  72.1345    SH266   0         SH406   0         SH546 272.221
SH127 395.365     SH267   0         SH407 448.538     SH547   0
SH128   0         SH268   0         SH408   0         SH548   0
SH129   0         SH269 435.096     SH409   0         SH549  62.2678
SH130 109.295     SH270  52.1206    SH410 232.205     SH550   0
SH131   0         SH271   0         SH411 410.094     SH551   0
SH132   0         SH272   0         SH412 108.78      SH552 196.196
SH133 118.497     SH273 304.877     SH413   0         SH553   0
SH134 485.683     SH274  81.6844    SH414   0         SH554   0
SH135   0         SH275   0         SH415 434.253     SH555   0
SH136   0         SH276 233.469     SH416   0         SH556 431.332
SH137   0         SH277 413.715     SH417 486.024     SH557 471.476
SH138   0         SH278   0         SH418 345.865
SH139   0         SH279   0         SH419 307.549
SH140   0         SH280   0         SH420  78.3333
;

